TN:
SF:plugins/webkul/projects/resources/js/components/pdf-viewer/managers/annotation-manager.js
FN:16,loadAnnotations
FN:28,(anonymous_1)
FN:31,(anonymous_2)
FN:36,(anonymous_3)
FN:62,transformAnnotationFromAPI
FN:107,populateParentConnections
FN:119,(anonymous_6)
FN:155,applyIsolationFilter
FN:157,(anonymous_8)
FN:173,saveAnnotations
FN:178,(anonymous_10)
FN:290,deleteAnnotation
FN:299,(anonymous_12)
FN:318,(anonymous_13)
FN:340,editAnnotation
FN:361,findAnnotationByEntity
FN:389,checkForDuplicateEntity
FN:434,getRoomNameById
FN:436,(anonymous_18)
FN:440,isAnnotationVisibleInIsolation
FN:451,highlightAnnotation
FN:456,(anonymous_21)
FN:469,getAnnotationZIndex
FN:479,toggleLockAnnotation
FNF:24
FNH:19
FNDA:6,loadAnnotations
FNDA:2,(anonymous_1)
FNDA:2,(anonymous_2)
FNDA:2,(anonymous_3)
FNDA:2,transformAnnotationFromAPI
FNDA:2,populateParentConnections
FNDA:0,(anonymous_6)
FNDA:0,applyIsolationFilter
FNDA:0,(anonymous_8)
FNDA:10,saveAnnotations
FNDA:10,(anonymous_10)
FNDA:4,deleteAnnotation
FNDA:2,(anonymous_12)
FNDA:1,(anonymous_13)
FNDA:2,editAnnotation
FNDA:10,findAnnotationByEntity
FNDA:6,checkForDuplicateEntity
FNDA:1,getRoomNameById
FNDA:0,(anonymous_18)
FNDA:0,isAnnotationVisibleInIsolation
FNDA:3,highlightAnnotation
FNDA:1,(anonymous_21)
FNDA:4,getAnnotationZIndex
FNDA:6,toggleLockAnnotation
DA:17,6
DA:20,6
DA:22,6
DA:23,6
DA:24,5
DA:26,5
DA:28,5
DA:31,5
DA:33,5
DA:36,5
DA:37,2
DA:38,0
DA:44,5
DA:45,0
DA:46,0
DA:50,1
DA:51,1
DA:64,2
DA:73,2
DA:109,2
DA:110,2
DA:113,2
DA:114,1
DA:118,2
DA:119,0
DA:120,0
DA:122,0
DA:125,0
DA:126,0
DA:127,0
DA:131,0
DA:132,0
DA:133,0
DA:134,0
DA:135,0
DA:136,0
DA:140,0
DA:141,0
DA:142,0
DA:143,0
DA:144,0
DA:145,0
DA:156,0
DA:157,0
DA:158,0
DA:159,0
DA:160,0
DA:163,0
DA:174,10
DA:176,10
DA:178,10
DA:179,10
DA:181,10
DA:196,10
DA:198,9
DA:199,1
DA:200,1
DA:201,1
DA:202,1
DA:203,1
DA:206,8
DA:207,8
DA:208,8
DA:209,8
DA:212,8
DA:223,8
DA:227,1
DA:228,1
DA:229,1
DA:230,1
DA:233,10
DA:236,10
DA:249,9
DA:250,1
DA:251,1
DA:252,1
DA:253,1
DA:254,1
DA:256,0
DA:259,8
DA:261,8
DA:262,7
DA:265,7
DA:266,1
DA:270,7
DA:271,1
DA:274,1
DA:277,3
DA:278,3
DA:279,3
DA:291,4
DA:292,1
DA:295,3
DA:298,3
DA:299,2
DA:300,2
DA:301,2
DA:305,1
DA:306,1
DA:314,1
DA:316,1
DA:318,1
DA:319,1
DA:322,1
DA:323,1
DA:326,0
DA:329,0
DA:330,0
DA:331,0
DA:341,2
DA:344,2
DA:351,2
DA:362,10
DA:364,7
DA:366,7
DA:367,16
DA:368,2
DA:369,2
DA:370,14
DA:371,2
DA:372,2
DA:373,12
DA:374,1
DA:375,1
DA:379,2
DA:380,2
DA:390,6
DA:392,5
DA:395,5
DA:396,5
DA:398,5
DA:399,3
DA:400,3
DA:401,2
DA:402,1
DA:403,1
DA:404,1
DA:405,0
DA:406,0
DA:407,1
DA:409,1
DA:413,4
DA:414,1
DA:415,1
DA:419,3
DA:421,3
DA:422,2
DA:423,2
DA:426,1
DA:427,1
DA:435,1
DA:436,1
DA:437,1
DA:443,0
DA:452,3
DA:453,3
DA:456,3
DA:457,1
DA:460,3
DA:471,4
DA:480,6
DA:481,6
DA:484,6
DA:485,1
DA:486,1
LF:165
LH:130
BRDA:26,0,0,5
BRDA:26,0,1,0
BRDA:26,1,0,5
BRDA:26,1,1,5
BRDA:37,2,0,0
BRDA:37,2,1,2
BRDA:37,3,0,2
BRDA:37,3,1,2
BRDA:38,4,0,0
BRDA:38,4,1,0
BRDA:44,5,0,0
BRDA:44,5,1,5
BRDA:92,6,0,2
BRDA:92,6,1,0
BRDA:93,7,0,2
BRDA:93,7,1,1
BRDA:107,8,0,2
BRDA:109,9,0,0
BRDA:109,9,1,2
BRDA:113,10,0,1
BRDA:113,10,1,1
BRDA:113,11,0,2
BRDA:113,11,1,1
BRDA:118,12,0,0
BRDA:118,12,1,2
BRDA:120,13,0,0
BRDA:120,13,1,0
BRDA:125,14,0,0
BRDA:125,14,1,0
BRDA:125,15,0,0
BRDA:125,15,1,0
BRDA:131,16,0,0
BRDA:131,16,1,0
BRDA:134,17,0,0
BRDA:134,17,1,0
BRDA:140,18,0,0
BRDA:140,18,1,0
BRDA:143,19,0,0
BRDA:143,19,1,0
BRDA:158,20,0,0
BRDA:158,20,1,0
BRDA:173,21,0,10
BRDA:179,22,0,10
BRDA:179,22,1,10
BRDA:183,23,0,10
BRDA:183,23,1,10
BRDA:190,24,0,10
BRDA:190,24,1,10
BRDA:191,25,0,10
BRDA:191,25,1,10
BRDA:196,26,0,9
BRDA:196,26,1,1
BRDA:198,27,0,1
BRDA:198,27,1,8
BRDA:198,28,0,9
BRDA:198,28,1,1
BRDA:206,29,0,8
BRDA:206,29,1,8
BRDA:206,29,2,8
BRDA:207,30,0,8
BRDA:207,30,1,8
BRDA:207,30,2,8
BRDA:208,31,0,8
BRDA:208,31,1,8
BRDA:208,31,2,8
BRDA:209,32,0,8
BRDA:209,32,1,8
BRDA:227,33,0,1
BRDA:227,33,1,1
BRDA:228,34,0,1
BRDA:228,34,1,1
BRDA:229,35,0,1
BRDA:229,35,1,1
BRDA:230,36,0,1
BRDA:230,36,1,1
BRDA:249,37,0,1
BRDA:249,37,1,8
BRDA:251,38,0,1
BRDA:251,38,1,0
BRDA:251,39,0,1
BRDA:251,39,1,1
BRDA:261,40,0,7
BRDA:261,40,1,1
BRDA:265,41,0,1
BRDA:265,41,1,6
BRDA:270,42,0,1
BRDA:270,42,1,6
BRDA:274,43,0,1
BRDA:274,43,1,0
BRDA:291,44,0,1
BRDA:291,44,1,3
BRDA:298,45,0,2
BRDA:298,45,1,1
BRDA:316,46,0,1
BRDA:316,46,1,0
BRDA:322,47,0,1
BRDA:322,47,1,0
BRDA:326,48,0,0
BRDA:326,48,1,0
BRDA:362,49,0,3
BRDA:362,49,1,7
BRDA:362,50,0,10
BRDA:362,50,1,8
BRDA:367,51,0,2
BRDA:367,51,1,14
BRDA:367,52,0,16
BRDA:367,52,1,9
BRDA:367,52,2,2
BRDA:370,53,0,2
BRDA:370,53,1,12
BRDA:370,54,0,14
BRDA:370,54,1,4
BRDA:370,54,2,2
BRDA:373,55,0,1
BRDA:373,55,1,11
BRDA:373,56,0,12
BRDA:373,56,1,3
BRDA:373,56,2,1
BRDA:390,57,0,1
BRDA:390,57,1,5
BRDA:398,58,0,3
BRDA:398,58,1,2
BRDA:401,59,0,1
BRDA:401,59,1,1
BRDA:404,60,0,0
BRDA:404,60,1,1
BRDA:407,61,0,1
BRDA:407,61,1,0
BRDA:413,62,0,1
BRDA:413,62,1,3
BRDA:421,63,0,2
BRDA:421,63,1,1
BRDA:435,64,0,0
BRDA:435,64,1,1
BRDA:435,65,0,1
BRDA:435,65,1,1
BRDA:437,66,0,0
BRDA:437,66,1,1
BRDA:471,67,0,2
BRDA:471,67,1,2
BRDA:471,68,0,4
BRDA:471,68,1,3
BRDA:481,69,0,3
BRDA:481,69,1,3
BRDA:481,70,0,3
BRDA:481,70,1,3
BRDA:484,71,0,1
BRDA:484,71,1,5
BRDA:484,72,0,6
BRDA:484,72,1,3
BRF:150
BRH:116
end_of_record
TN:
SF:plugins/webkul/projects/resources/js/components/pdf-viewer/managers/autocomplete-manager.js
FN:13,searchRooms
FN:17,(anonymous_1)
FN:30,(anonymous_2)
FN:51,selectRoom
FN:111,searchLocations
FN:117,(anonymous_5)
FN:118,(anonymous_6)
FN:131,(anonymous_7)
FN:152,selectLocation
FN:210,clearRoomSearch
FN:220,clearLocationSearch
FNF:11
FNH:11
FNDA:15,searchRooms
FNDA:39,(anonymous_1)
FNDA:30,(anonymous_2)
FNDA:7,selectRoom
FNDA:14,searchLocations
FNDA:17,(anonymous_5)
FNDA:20,(anonymous_6)
FNDA:14,(anonymous_7)
FNDA:6,selectLocation
FNDA:2,clearRoomSearch
FNDA:2,clearLocationSearch
DA:14,15
DA:17,39
DA:23,15
DA:25,3
DA:26,3
DA:29,12
DA:30,12
DA:31,30
DA:35,12
DA:40,12
DA:52,7
DA:55,7
DA:56,6
DA:58,6
DA:59,6
DA:71,5
DA:73,5
DA:74,3
DA:77,3
DA:78,3
DA:79,3
DA:80,3
DA:83,3
DA:84,1
DA:87,3
DA:89,2
DA:92,3
DA:93,3
DA:94,3
DA:98,1
DA:99,1
DA:100,1
DA:101,1
DA:102,1
DA:112,14
DA:114,13
DA:117,17
DA:118,20
DA:124,14
DA:126,3
DA:127,3
DA:130,10
DA:131,10
DA:132,14
DA:136,10
DA:141,10
DA:153,6
DA:156,6
DA:157,5
DA:159,5
DA:160,5
DA:171,4
DA:173,4
DA:174,3
DA:177,3
DA:178,3
DA:179,3
DA:180,3
DA:183,3
DA:184,1
DA:187,3
DA:189,1
DA:192,2
DA:193,2
DA:194,2
DA:198,1
DA:199,1
DA:200,1
DA:201,1
DA:202,1
DA:211,2
DA:212,2
DA:213,2
DA:221,2
DA:222,2
DA:223,2
LF:76
LH:76
BRDA:17,0,0,14
BRDA:17,0,1,1
BRDA:23,1,0,3
BRDA:23,1,1,12
BRDA:23,2,0,15
BRDA:23,2,1,13
BRDA:55,3,0,6
BRDA:55,3,1,1
BRDA:73,4,0,3
BRDA:73,4,1,2
BRDA:73,5,0,5
BRDA:73,5,1,4
BRDA:83,6,0,1
BRDA:83,6,1,2
BRDA:89,7,0,2
BRDA:89,7,1,1
BRDA:112,8,0,1
BRDA:112,8,1,13
BRDA:118,9,0,11
BRDA:118,9,1,2
BRDA:124,10,0,3
BRDA:124,10,1,10
BRDA:124,11,0,14
BRDA:124,11,1,11
BRDA:156,12,0,5
BRDA:156,12,1,1
BRDA:173,13,0,3
BRDA:173,13,1,1
BRDA:173,14,0,4
BRDA:173,14,1,3
BRDA:183,15,0,1
BRDA:183,15,1,2
BRDA:189,16,0,1
BRDA:189,16,1,0
BRF:34
BRH:33
end_of_record
TN:
SF:plugins/webkul/projects/resources/js/components/pdf-viewer/managers/entity-reference-manager.js
FN:18,addEntityReference
FN:25,(anonymous_1)
FN:46,removeEntityReference
FN:49,(anonymous_3)
FN:62,getEntityReferences
FN:73,getReferencesByType
FN:75,(anonymous_6)
FN:86,hasEntityReference
FN:88,(anonymous_8)
FN:96,clearAnnotationReferences
FNF:10
FNH:10
FNDA:26,addEntityReference
FNDA:15,(anonymous_1)
FNDA:11,removeEntityReference
FNDA:25,(anonymous_3)
FNDA:29,getEntityReferences
FNDA:8,getReferencesByType
FNDA:28,(anonymous_6)
FNDA:15,hasEntityReference
FNDA:24,(anonymous_8)
FNDA:7,clearAnnotationReferences
DA:19,26
DA:20,14
DA:24,26
DA:25,15
DA:28,26
DA:29,24
DA:35,24
DA:47,11
DA:48,10
DA:49,25
DA:52,10
DA:63,29
DA:74,8
DA:75,28
DA:87,15
DA:88,24
DA:97,7
DA:98,4
DA:99,4
DA:100,4
LF:20
LH:20
BRDA:18,0,0,26
BRDA:19,1,0,14
BRDA:19,1,1,12
BRDA:25,2,0,15
BRDA:25,2,1,3
BRDA:28,3,0,24
BRDA:28,3,1,2
BRDA:47,4,0,10
BRDA:47,4,1,1
BRDA:49,5,0,25
BRDA:49,5,1,10
BRDA:63,6,0,29
BRDA:63,6,1,4
BRDA:88,7,0,24
BRDA:88,7,1,12
BRDA:97,8,0,4
BRDA:97,8,1,3
BRF:17
BRH:17
end_of_record
TN:
SF:plugins/webkul/projects/resources/js/components/pdf-viewer/managers/hierarchy-detection-manager.js
FN:22,detectMissingHierarchy
FN:63,getEntityDefaults
FN:116,getEntityDisplayName
FN:132,canSaveDirectly
FNF:4
FNH:4
FNDA:37,detectMissingHierarchy
FNDA:15,getEntityDefaults
FNDA:9,getEntityDisplayName
FNDA:18,canSaveDirectly
DA:9,1
DA:23,37
DA:26,37
DA:27,37
DA:28,37
DA:31,37
DA:34,37
DA:35,3
DA:39,34
DA:40,14
DA:43,34
DA:44,16
DA:47,34
DA:48,16
DA:51,34
DA:53,34
DA:64,15
DA:69,15
DA:71,5
DA:72,5
DA:73,5
DA:76,3
DA:77,3
DA:79,3
DA:80,3
DA:83,3
DA:84,3
DA:86,3
DA:87,1
DA:88,1
DA:90,2
DA:91,2
DA:93,3
DA:94,3
DA:97,3
DA:98,3
DA:99,3
DA:100,3
DA:101,3
DA:102,3
DA:103,3
DA:104,3
DA:105,3
DA:108,15
DA:117,9
DA:123,9
DA:133,18
DA:134,18
LF:48
LH:48
BRDA:34,0,0,3
BRDA:34,0,1,34
BRDA:39,1,0,14
BRDA:39,1,1,20
BRDA:39,2,0,34
BRDA:39,2,1,34
BRDA:43,3,0,16
BRDA:43,3,1,18
BRDA:43,4,0,34
BRDA:43,4,1,29
BRDA:47,5,0,16
BRDA:47,5,1,18
BRDA:47,6,0,34
BRDA:47,6,1,20
BRDA:65,7,0,15
BRDA:65,7,1,4
BRDA:69,8,0,5
BRDA:69,8,1,3
BRDA:69,8,2,3
BRDA:69,8,3,3
BRDA:79,9,0,3
BRDA:79,9,1,1
BRDA:86,10,0,1
BRDA:86,10,1,2
BRDA:123,11,0,9
BRDA:123,11,1,2
BRF:26
BRH:26
end_of_record
TN:
SF:plugins/webkul/projects/resources/js/components/pdf-viewer/managers/isolation-mode-manager.js
FN:18,enterIsolationMode
FN:129,(anonymous_1)
FN:141,(anonymous_2)
FN:153,exitIsolationMode
FN:195,applyIsolationVisibilityFilter
FN:198,(anonymous_5)
FN:214,isAnnotationVisibleInIsolation
FN:284,isAnnotationVisibleInView
FN:313,isDescendantOf
FN:335,(anonymous_9)
FN:350,updateIsolationMask
FN:360,(anonymous_11)
FN:366,(anonymous_12)
FN:370,(anonymous_13)
FN:374,(anonymous_14)
FN:388,(anonymous_15)
FN:401,createMaskRect
FN:424,getIsolationBreadcrumbs
FN:463,getRoomNameById
FN:465,(anonymous_19)
FN:469,getLocationNameById
FN:472,(anonymous_21)
FNF:22
FNH:19
FNDA:9,enterIsolationMode
FNDA:9,(anonymous_1)
FNDA:9,(anonymous_2)
FNDA:7,exitIsolationMode
FNDA:9,applyIsolationVisibilityFilter
FNDA:0,(anonymous_5)
FNDA:29,isAnnotationVisibleInIsolation
FNDA:22,isAnnotationVisibleInView
FNDA:0,isDescendantOf
FNDA:0,(anonymous_9)
FNDA:25,updateIsolationMask
FNDA:9,(anonymous_11)
FNDA:2,(anonymous_12)
FNDA:1,(anonymous_13)
FNDA:1,(anonymous_14)
FNDA:8,(anonymous_15)
FNDA:10,createMaskRect
FNDA:11,getIsolationBreadcrumbs
FNDA:1,getRoomNameById
FNDA:1,(anonymous_19)
FNDA:1,getLocationNameById
FNDA:1,(anonymous_21)
DA:19,9
DA:22,9
DA:23,9
DA:24,9
DA:26,9
DA:28,2
DA:29,2
DA:30,2
DA:31,2
DA:32,2
DA:33,2
DA:34,2
DA:35,2
DA:38,2
DA:39,2
DA:40,2
DA:41,2
DA:44,2
DA:45,2
DA:47,2
DA:49,7
DA:51,4
DA:52,4
DA:53,4
DA:54,4
DA:55,4
DA:56,4
DA:57,4
DA:58,4
DA:61,4
DA:62,4
DA:63,4
DA:64,4
DA:67,4
DA:68,4
DA:70,4
DA:74,3
DA:75,3
DA:76,3
DA:78,3
DA:79,3
DA:80,3
DA:81,3
DA:82,3
DA:83,3
DA:84,3
DA:85,3
DA:86,3
DA:89,3
DA:90,3
DA:91,3
DA:92,3
DA:93,3
DA:96,3
DA:98,3
DA:102,9
DA:103,9
DA:105,9
DA:106,6
DA:108,9
DA:109,2
DA:113,9
DA:118,9
DA:121,9
DA:122,9
DA:126,9
DA:127,9
DA:129,9
DA:132,9
DA:133,9
DA:137,9
DA:138,9
DA:141,9
DA:144,9
DA:154,7
DA:157,7
DA:158,7
DA:159,7
DA:160,7
DA:161,7
DA:162,7
DA:163,7
DA:164,7
DA:165,7
DA:166,7
DA:169,7
DA:170,6
DA:174,7
DA:177,7
DA:178,7
DA:181,7
DA:182,6
DA:185,7
DA:188,7
DA:196,9
DA:198,9
DA:199,0
DA:200,0
DA:201,0
DA:205,9
DA:215,29
DA:218,7
DA:219,5
DA:221,2
DA:225,22
DA:226,2
DA:230,20
DA:232,10
DA:236,8
DA:239,4
DA:242,3
DA:244,10
DA:252,5
DA:255,4
DA:258,3
DA:260,5
DA:269,5
DA:272,4
DA:275,0
DA:286,22
DA:287,22
DA:290,22
DA:293,4
DA:296,3
DA:299,2
DA:300,2
DA:303,1
DA:314,0
DA:316,0
DA:317,0
DA:318,0
DA:322,0
DA:323,0
DA:324,0
DA:328,0
DA:329,0
DA:330,0
DA:334,0
DA:335,0
DA:336,0
DA:337,0
DA:338,0
DA:342,0
DA:343,0
DA:351,25
DA:352,25
DA:355,24
DA:357,24
DA:360,24
DA:363,24
DA:364,24
DA:365,13
DA:366,5
DA:367,2
DA:369,8
DA:370,5
DA:371,1
DA:373,3
DA:374,3
DA:375,1
DA:381,24
DA:382,3
DA:383,3
DA:384,3
DA:388,24
DA:389,8
DA:390,7
DA:391,7
DA:402,10
DA:403,10
DA:404,10
DA:405,10
DA:406,10
DA:408,10
DA:425,11
DA:427,8
DA:430,8
DA:431,7
DA:439,8
DA:440,5
DA:448,8
DA:449,2
DA:456,8
DA:464,1
DA:465,1
DA:466,1
DA:470,1
DA:471,1
DA:472,2
DA:473,2
DA:475,0
LF:191
LH:169
BRDA:24,0,0,1
BRDA:24,0,1,8
BRDA:26,1,0,2
BRDA:26,1,1,7
BRDA:31,2,0,2
BRDA:31,2,1,0
BRDA:32,3,0,2
BRDA:32,3,1,0
BRDA:33,4,0,2
BRDA:33,4,1,1
BRDA:33,5,0,1
BRDA:33,5,1,0
BRDA:40,6,0,2
BRDA:40,6,1,0
BRDA:49,7,0,4
BRDA:49,7,1,3
BRDA:54,8,0,4
BRDA:54,8,1,1
BRDA:74,9,0,3
BRDA:74,9,1,0
BRDA:76,10,0,3
BRDA:76,10,1,0
BRDA:76,11,0,0
BRDA:76,11,1,0
BRDA:102,12,0,9
BRDA:102,12,1,0
BRDA:105,13,0,6
BRDA:105,13,1,3
BRDA:105,14,0,9
BRDA:105,14,1,6
BRDA:108,15,0,2
BRDA:108,15,1,7
BRDA:108,16,0,9
BRDA:108,16,1,2
BRDA:113,17,0,2
BRDA:113,17,1,7
BRDA:114,18,0,4
BRDA:114,18,1,3
BRDA:121,19,0,9
BRDA:121,19,1,0
BRDA:126,20,0,9
BRDA:126,20,1,0
BRDA:132,21,0,9
BRDA:132,21,1,0
BRDA:137,22,0,9
BRDA:137,22,1,0
BRDA:169,23,0,6
BRDA:169,23,1,1
BRDA:181,24,0,6
BRDA:181,24,1,1
BRDA:199,25,0,0
BRDA:199,25,1,0
BRDA:215,26,0,7
BRDA:215,26,1,22
BRDA:218,27,0,5
BRDA:218,27,1,2
BRDA:218,28,0,7
BRDA:218,28,1,5
BRDA:225,29,0,2
BRDA:225,29,1,20
BRDA:230,30,0,10
BRDA:230,30,1,10
BRDA:232,31,0,2
BRDA:232,31,1,8
BRDA:236,32,0,4
BRDA:236,32,1,4
BRDA:236,33,0,8
BRDA:236,33,1,6
BRDA:239,34,0,1
BRDA:239,34,1,3
BRDA:239,35,0,4
BRDA:239,35,1,1
BRDA:244,36,0,5
BRDA:244,36,1,5
BRDA:252,37,0,1
BRDA:252,37,1,4
BRDA:252,38,0,5
BRDA:252,38,1,2
BRDA:255,39,0,1
BRDA:255,39,1,3
BRDA:255,40,0,4
BRDA:255,40,1,1
BRDA:260,41,0,5
BRDA:260,41,1,0
BRDA:269,42,0,1
BRDA:269,42,1,4
BRDA:269,43,0,5
BRDA:269,43,1,2
BRDA:286,44,0,22
BRDA:286,44,1,0
BRDA:287,45,0,22
BRDA:287,45,1,0
BRDA:290,46,0,18
BRDA:290,46,1,4
BRDA:293,47,0,1
BRDA:293,47,1,3
BRDA:296,48,0,1
BRDA:296,48,1,2
BRDA:299,49,0,2
BRDA:299,49,1,0
BRDA:299,50,0,2
BRDA:299,50,1,0
BRDA:299,50,2,2
BRDA:300,51,0,1
BRDA:300,51,1,1
BRDA:316,52,0,0
BRDA:316,52,1,0
BRDA:316,53,0,0
BRDA:316,53,1,0
BRDA:322,54,0,0
BRDA:322,54,1,0
BRDA:328,55,0,0
BRDA:328,55,1,0
BRDA:334,56,0,0
BRDA:334,56,1,0
BRDA:336,57,0,0
BRDA:336,57,1,0
BRDA:352,58,0,1
BRDA:352,58,1,24
BRDA:364,59,0,13
BRDA:364,59,1,11
BRDA:365,60,0,5
BRDA:365,60,1,8
BRDA:367,61,0,2
BRDA:367,61,1,2
BRDA:369,62,0,5
BRDA:369,62,1,3
BRDA:371,63,0,1
BRDA:371,63,1,1
BRDA:373,64,0,3
BRDA:373,64,1,0
BRDA:375,65,0,1
BRDA:375,65,1,1
BRDA:381,66,0,3
BRDA:381,66,1,21
BRDA:381,67,0,24
BRDA:381,67,1,3
BRDA:389,68,0,7
BRDA:389,68,1,1
BRDA:389,69,0,8
BRDA:389,69,1,7
BRDA:389,69,2,7
BRDA:403,70,0,10
BRDA:403,70,1,0
BRDA:404,71,0,10
BRDA:404,71,1,0
BRDA:405,72,0,10
BRDA:405,72,1,0
BRDA:406,73,0,10
BRDA:406,73,1,0
BRDA:425,74,0,3
BRDA:425,74,1,8
BRDA:430,75,0,7
BRDA:430,75,1,1
BRDA:439,76,0,5
BRDA:439,76,1,3
BRDA:448,77,0,2
BRDA:448,77,1,6
BRDA:464,78,0,0
BRDA:464,78,1,1
BRDA:464,79,0,1
BRDA:464,79,1,1
BRDA:466,80,0,1
BRDA:466,80,1,0
BRDA:470,81,0,0
BRDA:470,81,1,1
BRDA:470,82,0,1
BRDA:470,82,1,1
BRDA:473,83,0,1
BRDA:473,83,1,1
BRF:170
BRH:130
end_of_record
TN:
SF:plugins/webkul/projects/resources/js/components/pdf-viewer/managers/navigation-manager.js
FN:12,nextPage
FN:48,previousPage
FN:85,goToPage
FN:111,navigateToPage
FN:141,updatePdfPageId
FN:156,getAllPages
FN:157,(anonymous_6)
FN:166,canGoNext
FN:178,canGoPrevious
FNF:9
FNH:9
FNDA:9,nextPage
FNDA:5,previousPage
FNDA:8,goToPage
FNDA:12,navigateToPage
FNDA:12,updatePdfPageId
FNDA:13,getAllPages
FNDA:57,(anonymous_6)
FNDA:5,canGoNext
FNDA:5,canGoPrevious
DA:13,9
DA:14,3
DA:15,3
DA:19,6
DA:21,9
DA:22,1
DA:23,1
DA:27,5
DA:29,5
DA:30,4
DA:31,4
DA:32,4
DA:33,4
DA:35,4
DA:38,1
DA:49,5
DA:50,1
DA:51,1
DA:55,4
DA:57,5
DA:58,0
DA:59,0
DA:63,4
DA:65,4
DA:66,3
DA:67,3
DA:68,3
DA:69,3
DA:71,3
DA:74,1
DA:86,8
DA:87,1
DA:88,1
DA:91,7
DA:92,2
DA:93,2
DA:96,5
DA:97,5
DA:98,5
DA:100,5
DA:112,12
DA:115,12
DA:118,12
DA:121,12
DA:124,12
DA:125,11
DA:129,11
DA:130,10
DA:133,11
DA:142,12
DA:143,12
DA:144,11
DA:145,11
DA:147,1
DA:157,57
DA:167,5
DA:168,5
DA:169,5
DA:179,5
DA:180,5
DA:181,5
LF:61
LH:59
BRDA:13,0,0,3
BRDA:13,0,1,6
BRDA:19,1,0,2
BRDA:19,1,1,4
BRDA:21,2,0,1
BRDA:21,2,1,8
BRDA:29,3,0,4
BRDA:29,3,1,1
BRDA:49,4,0,1
BRDA:49,4,1,4
BRDA:55,5,0,1
BRDA:55,5,1,3
BRDA:57,6,0,0
BRDA:57,6,1,5
BRDA:65,7,0,3
BRDA:65,7,1,1
BRDA:86,8,0,1
BRDA:86,8,1,7
BRDA:91,9,0,2
BRDA:91,9,1,5
BRDA:91,10,0,7
BRDA:91,10,1,6
BRDA:124,11,0,11
BRDA:124,11,1,1
BRDA:129,12,0,10
BRDA:129,12,1,1
BRDA:143,13,0,11
BRDA:143,13,1,1
BRDA:167,14,0,2
BRDA:167,14,1,3
BRDA:179,15,0,2
BRDA:179,15,1,3
BRF:32
BRH:31
end_of_record
TN:
SF:plugins/webkul/projects/resources/js/components/pdf-viewer/managers/pdf-manager.js
FN:21,preloadPdf
FN:54,extractPdfDimensions
FN:99,displayPdf
FN:182,setupPageObserver
FN:191,(anonymous_4)
FN:192,(anonymous_5)
FN:222,(anonymous_6)
FN:234,initializePdfSystem
FN:251,(anonymous_8)
FN:274,calculateCanvasScale
FN:310,reloadPdf
FN:336,goToPage
FNF:12
FNH:12
FNDA:36,preloadPdf
FNDA:18,extractPdfDimensions
FNDA:24,displayPdf
FNDA:7,setupPageObserver
FNDA:3,(anonymous_4)
FNDA:3,(anonymous_5)
FNDA:3,(anonymous_6)
FNDA:4,initializePdfSystem
FNDA:3,(anonymous_8)
FNDA:11,calculateCanvasScale
FNDA:4,reloadPdf
FNDA:9,goToPage
DA:13,1
DA:22,36
DA:24,36
DA:26,36
DA:27,1
DA:30,35
DA:31,35
DA:35,32
DA:37,32
DA:42,4
DA:43,4
DA:44,4
DA:55,18
DA:57,18
DA:59,18
DA:60,1
DA:61,1
DA:64,17
DA:66,17
DA:67,14
DA:70,14
DA:75,14
DA:77,3
DA:81,3
DA:86,3
DA:89,3
DA:100,24
DA:102,24
DA:104,24
DA:106,24
DA:108,24
DA:109,2
DA:110,2
DA:111,1
DA:113,1
DA:114,0
DA:119,23
DA:122,21
DA:125,21
DA:126,21
DA:127,21
DA:128,21
DA:131,21
DA:132,21
DA:133,21
DA:134,21
DA:138,21
DA:139,18
DA:140,18
DA:142,3
DA:143,3
DA:145,21
DA:148,21
DA:153,21
DA:156,20
DA:157,20
DA:160,20
DA:162,20
DA:163,20
DA:164,20
DA:166,20
DA:168,20
DA:170,4
DA:171,4
DA:172,4
DA:183,7
DA:186,6
DA:187,1
DA:191,6
DA:192,3
DA:193,3
DA:194,2
DA:195,2
DA:196,1
DA:197,1
DA:200,1
DA:201,1
DA:206,1
DA:207,1
DA:208,1
DA:209,1
DA:210,1
DA:221,6
DA:222,6
DA:223,3
DA:235,4
DA:236,4
DA:239,4
DA:242,3
DA:245,3
DA:248,3
DA:249,1
DA:251,3
DA:254,3
DA:255,3
DA:258,3
DA:260,3
DA:262,1
DA:263,1
DA:264,1
DA:275,11
DA:276,0
DA:280,11
DA:281,11
DA:285,11
DA:287,11
DA:288,0
DA:290,0
DA:293,0
DA:296,11
DA:298,11
DA:299,11
DA:301,11
DA:311,4
DA:313,4
DA:314,4
DA:315,4
DA:318,3
DA:319,3
DA:321,3
DA:323,1
DA:324,1
DA:337,9
DA:338,2
DA:339,2
DA:342,7
DA:343,1
DA:344,1
DA:347,6
DA:349,6
DA:350,6
DA:353,6
DA:356,6
DA:357,6
DA:358,6
DA:362,6
DA:365,6
DA:366,6
DA:369,5
DA:370,5
DA:373,5
DA:374,4
DA:377,5
DA:379,1
DA:380,1
DA:382,6
LF:146
LH:141
BRDA:26,0,0,1
BRDA:26,0,1,35
BRDA:59,1,0,1
BRDA:59,1,1,17
BRDA:108,2,0,2
BRDA:108,2,1,22
BRDA:113,3,0,0
BRDA:113,3,1,1
BRDA:138,4,0,18
BRDA:138,4,1,3
BRDA:183,5,0,1
BRDA:183,5,1,6
BRDA:186,6,0,1
BRDA:186,6,1,5
BRDA:193,7,0,2
BRDA:193,7,1,1
BRDA:195,8,0,1
BRDA:195,8,1,1
BRDA:200,9,0,1
BRDA:200,9,1,0
BRDA:208,10,0,1
BRDA:208,10,1,0
BRDA:248,11,0,1
BRDA:248,11,1,2
BRDA:275,12,0,0
BRDA:275,12,1,11
BRDA:275,13,0,11
BRDA:275,13,1,11
BRDA:285,14,0,11
BRDA:285,14,1,0
BRDA:288,15,0,0
BRDA:288,15,1,0
BRDA:337,16,0,2
BRDA:337,16,1,7
BRDA:337,17,0,9
BRDA:337,17,1,8
BRDA:342,18,0,1
BRDA:342,18,1,6
BRDA:356,19,0,6
BRDA:356,19,1,0
BRDA:373,20,0,4
BRDA:373,20,1,1
BRF:42
BRH:34
end_of_record
TN:
SF:plugins/webkul/projects/resources/js/components/pdf-viewer/managers/state-manager.js
FN:11,createInitialState
FN:176,getColorForType
FN:192,getViewTypeLabel
FN:217,getViewTypeColor
FN:234,selectAnnotationContext
FNF:5
FNH:5
FNDA:3,createInitialState
FNDA:7,getColorForType
FNDA:12,getViewTypeLabel
FNDA:5,getViewTypeColor
FNDA:7,selectAnnotationContext
DA:12,3
DA:177,7
DA:183,7
DA:193,12
DA:200,12
DA:202,12
DA:203,6
DA:206,6
DA:209,12
DA:218,5
DA:224,5
DA:236,7
DA:237,2
DA:238,2
DA:241,5
DA:244,5
DA:245,5
DA:248,5
DA:253,1
DA:254,1
DA:255,1
DA:256,1
DA:259,1
DA:260,1
DA:262,1
DA:263,1
DA:265,4
DA:270,2
DA:271,2
DA:272,2
DA:273,2
DA:276,2
DA:277,2
DA:279,2
DA:280,2
DA:282,2
DA:287,1
DA:288,1
DA:289,1
DA:290,1
DA:293,1
DA:294,1
DA:296,1
DA:297,1
DA:299,1
DA:303,1
DA:304,1
DA:305,1
DA:306,1
DA:309,1
DA:310,1
DA:312,1
DA:313,1
DA:317,5
LF:54
LH:54
BRDA:18,0,0,3
BRDA:18,0,1,2
BRDA:19,1,0,3
BRDA:19,1,1,2
BRDA:22,2,0,3
BRDA:22,2,1,1
BRDA:23,3,0,3
BRDA:23,3,1,2
BRDA:183,4,0,7
BRDA:183,4,1,3
BRDA:192,5,0,12
BRDA:200,6,0,12
BRDA:200,6,1,1
BRDA:202,7,0,6
BRDA:202,7,1,6
BRDA:202,8,0,12
BRDA:202,8,1,7
BRDA:202,8,2,3
BRDA:203,9,0,4
BRDA:203,9,1,2
BRDA:224,10,0,5
BRDA:224,10,1,1
BRDA:236,11,0,2
BRDA:236,11,1,5
BRDA:236,12,0,7
BRDA:236,12,1,7
BRDA:236,12,2,6
BRDA:248,13,0,1
BRDA:248,13,1,4
BRDA:253,14,0,1
BRDA:253,14,1,0
BRDA:265,15,0,2
BRDA:265,15,1,2
BRDA:271,16,0,2
BRDA:271,16,1,1
BRDA:271,17,0,1
BRDA:271,17,1,0
BRDA:282,18,0,1
BRDA:282,18,1,1
BRDA:288,19,0,1
BRDA:288,19,1,0
BRDA:288,20,0,0
BRDA:288,20,1,0
BRDA:290,21,0,1
BRDA:290,21,1,0
BRDA:290,22,0,0
BRDA:290,22,1,0
BRDA:299,23,0,1
BRDA:299,23,1,0
BRDA:304,24,0,1
BRDA:304,24,1,0
BRDA:304,25,0,0
BRDA:304,25,1,0
BRDA:306,26,0,1
BRDA:306,26,1,0
BRDA:306,27,0,0
BRDA:306,27,1,0
BRF:57
BRH:42
end_of_record
TN:
SF:plugins/webkul/projects/resources/js/components/pdf-viewer/managers/tree-manager.js
FN:13,loadTree
FN:40,refreshTree
FN:46,(anonymous_2)
FN:75,ensureChildrenProperty
FN:78,(anonymous_4)
FN:98,toggleNode
FN:113,isExpanded
FN:124,selectNode
FN:144,(anonymous_8)
FN:155,(anonymous_9)
FN:159,(anonymous_10)
FN:172,(anonymous_11)
FN:177,(anonymous_12)
FN:181,(anonymous_13)
FN:197,(anonymous_14)
FN:202,(anonymous_15)
FN:207,(anonymous_16)
FN:235,navigateToNodePage
FN:242,(anonymous_18)
FN:251,(anonymous_19)
FN:260,(anonymous_20)
FN:287,showContextMenu
FN:312,deleteTreeNode
FN:382,navigateOnDoubleClick
FN:391,(anonymous_24)
FN:393,(anonymous_25)
FN:395,(anonymous_26)
FN:398,(anonymous_27)
FN:400,(anonymous_28)
FN:402,(anonymous_29)
FN:418,buildAnnotationTree
FN:421,(anonymous_31)
FN:427,(anonymous_32)
FN:445,getPageGroupedAnnotations
FN:449,(anonymous_34)
FN:458,(anonymous_35)
FN:471,(anonymous_36)
FN:476,(anonymous_37)
FN:485,getRoomNameById
FN:487,(anonymous_39)
FN:497,getLocationNameById
FN:500,(anonymous_41)
FNF:42
FNH:42
FNDA:28,loadTree
FNDA:10,refreshTree
FNDA:2,(anonymous_2)
FNDA:77,ensureChildrenProperty
FNDA:101,(anonymous_4)
FNDA:5,toggleNode
FNDA:3,isExpanded
FNDA:6,selectNode
FNDA:2,(anonymous_8)
FNDA:1,(anonymous_9)
FNDA:1,(anonymous_10)
FNDA:1,(anonymous_11)
FNDA:1,(anonymous_12)
FNDA:1,(anonymous_13)
FNDA:1,(anonymous_14)
FNDA:1,(anonymous_15)
FNDA:1,(anonymous_16)
FNDA:9,navigateToNodePage
FNDA:10,(anonymous_18)
FNDA:1,(anonymous_19)
FNDA:1,(anonymous_20)
FNDA:5,showContextMenu
FNDA:7,deleteTreeNode
FNDA:3,navigateOnDoubleClick
FNDA:1,(anonymous_24)
FNDA:1,(anonymous_25)
FNDA:1,(anonymous_26)
FNDA:1,(anonymous_27)
FNDA:1,(anonymous_28)
FNDA:1,(anonymous_29)
FNDA:9,buildAnnotationTree
FNDA:11,(anonymous_31)
FNDA:11,(anonymous_32)
FNDA:3,getPageGroupedAnnotations
FNDA:6,(anonymous_34)
FNDA:5,(anonymous_35)
FNDA:6,(anonymous_36)
FNDA:3,(anonymous_37)
FNDA:5,getRoomNameById
FNDA:5,(anonymous_39)
FNDA:4,getLocationNameById
FNDA:2,(anonymous_41)
DA:14,28
DA:16,28
DA:17,28
DA:18,27
DA:21,27
DA:22,27
DA:23,27
DA:25,1
DA:26,1
DA:28,28
DA:42,10
DA:43,3
DA:46,3
DA:47,3
DA:50,7
DA:51,7
DA:55,7
DA:57,1
DA:58,1
DA:62,1
DA:63,1
DA:66,1
DA:76,77
DA:78,76
DA:79,101
DA:82,101
DA:83,51
DA:84,50
DA:86,50
DA:89,101
DA:99,5
DA:100,5
DA:101,2
DA:103,3
DA:114,3
DA:125,6
DA:127,6
DA:130,6
DA:131,6
DA:132,6
DA:133,6
DA:135,6
DA:137,3
DA:138,3
DA:139,3
DA:140,3
DA:141,3
DA:142,3
DA:143,3
DA:144,3
DA:146,3
DA:148,1
DA:149,1
DA:150,1
DA:151,1
DA:152,1
DA:153,1
DA:155,1
DA:156,1
DA:157,1
DA:158,1
DA:159,1
DA:162,2
DA:164,1
DA:165,1
DA:166,1
DA:167,1
DA:168,1
DA:169,1
DA:170,1
DA:172,1
DA:173,1
DA:174,1
DA:175,1
DA:177,1
DA:178,1
DA:179,1
DA:180,1
DA:181,1
DA:185,1
DA:187,1
DA:188,1
DA:189,1
DA:190,1
DA:191,1
DA:192,1
DA:193,1
DA:194,1
DA:195,1
DA:197,1
DA:198,1
DA:199,1
DA:200,1
DA:202,1
DA:203,1
DA:204,1
DA:205,1
DA:207,1
DA:208,1
DA:209,1
DA:216,6
DA:219,6
DA:220,6
DA:223,6
DA:236,9
DA:237,9
DA:241,9
DA:242,10
DA:243,8
DA:244,5
DA:245,5
DA:250,9
DA:251,1
DA:252,1
DA:253,1
DA:254,1
DA:259,9
DA:260,1
DA:261,1
DA:262,1
DA:263,1
DA:268,9
DA:269,1
DA:270,1
DA:274,9
DA:275,7
DA:276,7
DA:288,5
DA:290,5
DA:292,5
DA:303,5
DA:313,7
DA:315,7
DA:316,1
DA:317,1
DA:320,6
DA:322,6
DA:323,6
DA:325,6
DA:326,4
DA:327,2
DA:328,1
DA:329,1
DA:330,1
DA:333,6
DA:341,5
DA:343,5
DA:344,4
DA:347,4
DA:350,4
DA:351,4
DA:355,4
DA:356,1
DA:357,1
DA:358,1
DA:359,1
DA:360,1
DA:361,1
DA:362,1
DA:363,1
DA:366,1
DA:369,2
DA:370,2
DA:371,2
DA:383,3
DA:385,3
DA:386,3
DA:387,3
DA:390,3
DA:391,1
DA:392,2
DA:393,1
DA:394,1
DA:395,1
DA:397,1
DA:398,1
DA:399,1
DA:400,1
DA:401,1
DA:402,1
DA:408,3
DA:409,3
DA:420,9
DA:421,9
DA:422,11
DA:426,9
DA:427,9
DA:428,11
DA:430,4
DA:433,7
DA:437,9
DA:446,3
DA:449,3
DA:450,6
DA:457,3
DA:458,3
DA:459,5
DA:460,5
DA:461,5
DA:463,0
DA:471,3
DA:472,6
DA:476,3
DA:486,5
DA:487,5
DA:488,3
DA:498,4
DA:499,2
DA:500,3
DA:501,3
DA:503,1
LF:211
LH:210
BRDA:40,0,0,10
BRDA:40,1,0,10
BRDA:42,2,0,3
BRDA:42,2,1,7
BRDA:42,3,0,10
BRDA:42,3,1,9
BRDA:42,3,2,8
BRDA:55,4,0,1
BRDA:55,4,1,6
BRDA:55,5,0,7
BRDA:55,5,1,1
BRDA:57,6,0,1
BRDA:57,6,1,0
BRDA:62,7,0,1
BRDA:62,7,1,0
BRDA:76,8,0,1
BRDA:76,8,1,76
BRDA:82,9,0,51
BRDA:82,9,1,50
BRDA:84,10,0,50
BRDA:84,10,1,0
BRDA:100,11,0,2
BRDA:100,11,1,3
BRDA:125,12,0,6
BRDA:125,13,0,6
BRDA:125,14,0,6
BRDA:135,15,0,3
BRDA:135,15,1,3
BRDA:146,16,0,1
BRDA:146,16,1,2
BRDA:148,17,0,1
BRDA:148,17,1,0
BRDA:156,18,0,1
BRDA:156,18,1,0
BRDA:162,19,0,1
BRDA:162,19,1,1
BRDA:164,20,0,1
BRDA:164,20,1,0
BRDA:165,21,0,1
BRDA:165,21,1,0
BRDA:173,22,0,1
BRDA:173,22,1,0
BRDA:178,23,0,1
BRDA:178,23,1,0
BRDA:185,24,0,1
BRDA:185,24,1,0
BRDA:187,25,0,1
BRDA:187,25,1,0
BRDA:188,26,0,1
BRDA:188,26,1,0
BRDA:189,27,0,1
BRDA:189,27,1,0
BRDA:198,28,0,1
BRDA:198,28,1,0
BRDA:203,29,0,1
BRDA:203,29,1,0
BRDA:208,30,0,1
BRDA:208,30,1,0
BRDA:219,31,0,6
BRDA:219,31,1,0
BRDA:241,32,0,8
BRDA:241,32,1,1
BRDA:241,33,0,9
BRDA:241,33,1,9
BRDA:241,33,2,9
BRDA:243,34,0,5
BRDA:243,34,1,3
BRDA:250,35,0,1
BRDA:250,35,1,8
BRDA:250,36,0,9
BRDA:250,36,1,4
BRDA:250,36,2,1
BRDA:250,36,3,1
BRDA:252,37,0,1
BRDA:252,37,1,0
BRDA:259,38,0,1
BRDA:259,38,1,8
BRDA:259,39,0,9
BRDA:259,39,1,3
BRDA:259,39,2,1
BRDA:259,39,3,1
BRDA:261,40,0,1
BRDA:261,40,1,0
BRDA:268,41,0,1
BRDA:268,41,1,8
BRDA:268,42,0,9
BRDA:268,42,1,2
BRDA:268,42,2,2
BRDA:268,42,3,2
BRDA:274,43,0,7
BRDA:274,43,1,2
BRDA:274,44,0,9
BRDA:274,44,1,8
BRDA:275,45,0,7
BRDA:275,45,1,0
BRDA:288,46,0,5
BRDA:288,47,0,5
BRDA:315,48,0,1
BRDA:315,48,1,6
BRDA:325,49,0,4
BRDA:325,49,1,2
BRDA:327,50,0,1
BRDA:327,50,1,1
BRDA:329,51,0,1
BRDA:329,51,1,0
BRDA:343,52,0,4
BRDA:343,52,1,1
BRDA:350,53,0,4
BRDA:350,53,1,0
BRDA:355,54,0,1
BRDA:355,54,1,3
BRDA:366,55,0,1
BRDA:366,55,1,0
BRDA:383,56,0,3
BRDA:383,57,0,3
BRDA:390,58,0,1
BRDA:390,58,1,2
BRDA:392,59,0,1
BRDA:392,59,1,1
BRDA:394,60,0,1
BRDA:394,60,1,0
BRDA:397,61,0,1
BRDA:397,61,1,0
BRDA:399,62,0,1
BRDA:399,62,1,0
BRDA:401,63,0,1
BRDA:401,63,1,0
BRDA:408,64,0,3
BRDA:408,64,1,0
BRDA:408,65,0,3
BRDA:408,65,1,0
BRDA:408,65,2,0
BRDA:428,66,0,4
BRDA:428,66,1,7
BRDA:428,67,0,11
BRDA:428,67,1,5
BRDA:457,68,0,3
BRDA:457,68,1,2
BRDA:459,69,0,5
BRDA:459,69,1,1
BRDA:460,70,0,5
BRDA:460,70,1,0
BRDA:486,71,0,2
BRDA:486,71,1,3
BRDA:486,72,0,5
BRDA:486,72,1,4
BRDA:488,73,0,2
BRDA:488,73,1,1
BRDA:498,74,0,2
BRDA:498,74,1,2
BRDA:498,75,0,4
BRDA:498,75,1,3
BRDA:501,76,0,1
BRDA:501,76,1,2
BRF:154
BRH:123
end_of_record
TN:
SF:plugins/webkul/projects/resources/js/components/pdf-viewer/managers/undo-redo-manager.js
FN:13,pushToHistory
FN:46,undo
FN:67,redo
FN:89,canUndo
FN:98,canRedo
FN:106,clearHistory
FN:117,getHistoryInfo
FN:133,setupUndoRedoKeyboards
FN:134,(anonymous_8)
FNF:9
FNH:9
FNDA:106,pushToHistory
FNDA:41,undo
FNDA:17,redo
FNDA:55,canUndo
FNDA:30,canRedo
FNDA:4,clearHistory
FNDA:5,getHistoryInfo
FNDA:8,setupUndoRedoKeyboards
FNDA:6,(anonymous_8)
DA:15,106
DA:18,105
DA:25,105
DA:26,2
DA:30,105
DA:33,105
DA:34,2
DA:36,103
DA:39,105
DA:47,41
DA:48,6
DA:49,6
DA:52,35
DA:53,35
DA:56,35
DA:57,35
DA:58,35
DA:60,35
DA:68,17
DA:69,5
DA:70,5
DA:73,12
DA:74,12
DA:77,12
DA:78,12
DA:79,12
DA:81,12
DA:90,55
DA:99,30
DA:107,4
DA:108,4
DA:109,4
DA:118,5
DA:134,8
DA:136,6
DA:137,3
DA:138,3
DA:142,6
DA:146,3
DA:147,3
DA:151,8
LF:41
LH:41
BRDA:15,0,0,1
BRDA:15,0,1,105
BRDA:25,1,0,2
BRDA:25,1,1,103
BRDA:33,2,0,2
BRDA:33,2,1,103
BRDA:47,3,0,6
BRDA:47,3,1,35
BRDA:68,4,0,5
BRDA:68,4,1,12
BRDA:123,5,0,5
BRDA:123,5,1,1
BRDA:124,6,0,5
BRDA:124,6,1,3
BRDA:125,7,0,5
BRDA:125,7,1,2
BRDA:136,8,0,3
BRDA:136,8,1,3
BRDA:136,9,0,6
BRDA:136,9,1,1
BRDA:136,9,2,6
BRDA:136,9,3,5
BRDA:142,10,0,3
BRDA:142,10,1,3
BRDA:142,11,0,6
BRDA:142,11,1,1
BRDA:142,11,2,6
BRDA:142,11,3,2
BRDA:142,11,4,4
BRF:29
BRH:29
end_of_record
TN:
SF:plugins/webkul/projects/resources/js/components/pdf-viewer/managers/view-type-manager.js
FN:17,setViewType
FN:43,setOrientation
FN:58,isAnnotationVisibleInView
FN:84,updateAnnotationVisibility
FN:95,getCurrentViewLabel
FNF:5
FNH:5
FNDA:10,setViewType
FNDA:3,setOrientation
FNDA:9,isAnnotationVisibleInView
FNDA:3,updateAnnotationVisibility
FNDA:9,getCurrentViewLabel
DA:18,10
DA:20,10
DA:21,10
DA:24,10
DA:25,5
DA:29,10
DA:30,9
DA:34,10
DA:44,3
DA:45,3
DA:47,3
DA:48,3
DA:60,9
DA:63,9
DA:64,4
DA:68,5
DA:70,5
DA:71,3
DA:74,2
DA:77,0
DA:87,3
DA:96,9
DA:97,1
DA:98,8
DA:99,4
DA:102,4
DA:103,4
DA:104,1
DA:105,1
DA:106,3
DA:107,2
DA:108,2
DA:111,1
LF:33
LH:32
BRDA:17,0,0,10
BRDA:18,1,0,4
BRDA:18,1,1,6
BRDA:24,2,0,5
BRDA:24,2,1,5
BRDA:29,3,0,9
BRDA:29,3,1,1
BRDA:34,4,0,4
BRDA:34,4,1,6
BRDA:47,5,0,3
BRDA:47,5,1,0
BRDA:60,6,0,9
BRDA:60,6,1,2
BRDA:63,7,0,4
BRDA:63,7,1,5
BRDA:68,8,0,5
BRDA:68,8,1,0
BRDA:70,9,0,3
BRDA:70,9,1,2
BRDA:70,10,0,5
BRDA:70,10,1,3
BRDA:96,11,0,1
BRDA:96,11,1,8
BRDA:98,12,0,4
BRDA:98,12,1,4
BRDA:99,13,0,2
BRDA:99,13,1,2
BRDA:103,14,0,1
BRDA:103,14,1,3
BRDA:104,15,0,1
BRDA:104,15,1,0
BRDA:106,16,0,2
BRDA:106,16,1,1
BRDA:107,17,0,1
BRDA:107,17,1,1
BRF:35
BRH:32
end_of_record
TN:
SF:plugins/webkul/projects/resources/js/components/pdf-viewer/managers/visibility-toggle-manager.js
FN:11,toggleRoomVisibility
FN:13,(anonymous_1)
FN:14,(anonymous_2)
FN:17,(anonymous_3)
FN:21,(anonymous_4)
FN:28,(anonymous_5)
FN:40,isRoomVisible
FN:41,(anonymous_7)
FN:43,(anonymous_8)
FN:51,toggleLocationVisibility
FN:53,(anonymous_10)
FN:57,(anonymous_11)
FN:60,(anonymous_12)
FN:64,(anonymous_13)
FN:71,(anonymous_14)
FN:83,isLocationVisible
FN:84,(anonymous_16)
FN:89,(anonymous_17)
FN:97,toggleCabinetRunVisibility
FN:99,(anonymous_19)
FN:103,(anonymous_20)
FN:106,(anonymous_21)
FN:110,(anonymous_22)
FN:117,(anonymous_23)
FN:129,isCabinetRunVisible
FN:130,(anonymous_25)
FN:135,(anonymous_26)
FN:143,toggleAnnotationVisibility
FN:163,isAnnotationVisible
FN:174,hasAnnotationsOnCurrentPage
FN:181,(anonymous_30)
FN:183,(anonymous_31)
FN:188,(anonymous_32)
FNF:33
FNH:33
FNDA:8,toggleRoomVisibility
FNDA:42,(anonymous_1)
FNDA:24,(anonymous_2)
FNDA:12,(anonymous_3)
FNDA:16,(anonymous_4)
FNDA:8,(anonymous_5)
FNDA:5,isRoomVisible
FNDA:30,(anonymous_7)
FNDA:12,(anonymous_8)
FNDA:5,toggleLocationVisibility
FNDA:24,(anonymous_10)
FNDA:9,(anonymous_11)
FNDA:5,(anonymous_12)
FNDA:6,(anonymous_13)
FNDA:3,(anonymous_14)
FNDA:5,isLocationVisible
FNDA:30,(anonymous_16)
FNDA:9,(anonymous_17)
FNDA:4,toggleCabinetRunVisibility
FNDA:18,(anonymous_19)
FNDA:4,(anonymous_20)
FNDA:3,(anonymous_21)
FNDA:2,(anonymous_22)
FNDA:2,(anonymous_23)
FNDA:4,isCabinetRunVisible
FNDA:24,(anonymous_25)
FNDA:5,(anonymous_26)
FNDA:10,toggleAnnotationVisibility
FNDA:2,isAnnotationVisible
FNDA:8,hasAnnotationsOnCurrentPage
FNDA:12,(anonymous_30)
FNDA:12,(anonymous_31)
FNDA:12,(anonymous_32)
DA:13,42
DA:14,24
DA:17,12
DA:19,8
DA:21,4
DA:22,16
DA:23,16
DA:28,8
DA:31,8
DA:41,30
DA:43,12
DA:53,5
DA:54,24
DA:57,9
DA:60,5
DA:62,5
DA:64,2
DA:65,6
DA:66,6
DA:71,3
DA:74,5
DA:84,5
DA:85,30
DA:89,9
DA:99,4
DA:100,18
DA:103,4
DA:106,4
DA:108,4
DA:110,1
DA:111,2
DA:112,2
DA:117,3
DA:120,4
DA:130,4
DA:131,24
DA:135,5
DA:144,10
DA:146,10
DA:148,3
DA:149,3
DA:152,7
DA:153,7
DA:164,2
DA:175,8
DA:176,2
DA:180,6
DA:181,12
DA:182,4
DA:183,2
DA:184,12
DA:187,2
DA:188,2
DA:189,12
DA:194,6
LF:55
LH:55
BRDA:19,0,0,4
BRDA:19,0,1,4
BRDA:22,1,0,16
BRDA:22,1,1,0
BRDA:54,2,0,24
BRDA:54,2,1,8
BRDA:54,2,2,21
BRDA:62,3,0,2
BRDA:62,3,1,3
BRDA:65,4,0,6
BRDA:65,4,1,0
BRDA:85,5,0,30
BRDA:85,5,1,10
BRDA:85,5,2,26
BRDA:100,6,0,18
BRDA:100,6,1,3
BRDA:100,6,2,16
BRDA:108,7,0,1
BRDA:108,7,1,3
BRDA:111,8,0,2
BRDA:111,8,1,0
BRDA:131,9,0,24
BRDA:131,9,1,4
BRDA:131,9,2,21
BRDA:146,10,0,3
BRDA:146,10,1,7
BRDA:175,11,0,2
BRDA:175,11,1,6
BRDA:175,12,0,8
BRDA:175,12,1,7
BRDA:180,13,0,2
BRDA:180,13,1,4
BRDA:182,14,0,2
BRDA:182,14,1,2
BRDA:184,15,0,12
BRDA:184,15,1,4
BRDA:184,15,2,11
BRDA:187,16,0,2
BRDA:187,16,1,0
BRDA:189,17,0,12
BRDA:189,17,1,2
BRDA:189,17,2,11
BRDA:194,18,0,6
BRDA:194,18,1,6
BRF:44
BRH:40
end_of_record
TN:
SF:plugins/webkul/projects/resources/js/components/pdf-viewer/managers/zoom-manager.js
FN:15,zoomIn
FN:27,zoomOut
FN:39,resetZoom
FN:51,setZoom
FN:103,waitForCanvasReady
FN:116,(anonymous_5)
FN:145,getZoomPercentage
FN:157,zoomToFitAnnotation
FN:170,(anonymous_8)
FN:183,(anonymous_9)
FN:249,centerAnnotationInViewport
FN:298,findScrollContainer
FN:324,isAtMinZoom
FN:333,isAtMaxZoom
FNF:14
FNH:14
FNDA:8,zoomIn
FNDA:5,zoomOut
FNDA:3,resetZoom
FNDA:35,setZoom
FNDA:35,waitForCanvasReady
FNDA:68,(anonymous_5)
FNDA:6,getZoomPercentage
FNDA:12,zoomToFitAnnotation
FNDA:5,(anonymous_8)
FNDA:4,(anonymous_9)
FNDA:10,centerAnnotationInViewport
FNDA:20,findScrollContainer
FNDA:3,isAtMinZoom
FNDA:3,isAtMaxZoom
DA:16,8
DA:17,8
DA:28,5
DA:29,5
DA:40,3
DA:52,35
DA:55,35
DA:58,35
DA:61,35
DA:62,34
DA:66,35
DA:67,35
DA:72,35
DA:75,35
DA:78,35
DA:81,35
DA:82,35
DA:86,35
DA:89,35
DA:90,1
DA:93,35
DA:104,35
DA:105,35
DA:106,1
DA:107,1
DA:110,34
DA:111,34
DA:112,34
DA:113,34
DA:115,34
DA:116,68
DA:118,68
DA:119,68
DA:122,68
DA:123,68
DA:125,68
DA:126,34
DA:127,34
DA:130,0
DA:133,34
DA:134,34
DA:137,0
DA:146,6
DA:158,12
DA:161,12
DA:164,12
DA:165,6
DA:166,6
DA:170,6
DA:171,5
DA:176,6
DA:177,1
DA:182,12
DA:183,5
DA:184,4
DA:185,0
DA:188,4
DA:194,5
DA:195,4
DA:199,12
DA:200,1
DA:201,1
DA:205,11
DA:206,11
DA:207,1
DA:208,1
DA:211,10
DA:212,10
DA:213,10
DA:216,10
DA:219,10
DA:220,10
DA:223,10
DA:226,10
DA:229,10
DA:232,10
DA:233,10
DA:237,10
DA:239,10
DA:251,10
DA:252,10
DA:253,0
DA:254,0
DA:257,10
DA:258,10
DA:260,10
DA:261,10
DA:262,10
DA:265,10
DA:266,10
DA:269,10
DA:274,10
DA:283,10
DA:284,10
DA:286,10
DA:299,20
DA:301,20
DA:302,0
DA:303,0
DA:304,0
DA:308,0
DA:309,0
DA:312,0
DA:316,20
DA:325,3
DA:334,3
LF:106
LH:95
BRDA:61,0,0,34
BRDA:61,0,1,1
BRDA:66,1,0,35
BRDA:66,1,1,0
BRDA:81,2,0,35
BRDA:81,2,1,0
BRDA:89,3,0,1
BRDA:89,3,1,34
BRDA:89,4,0,35
BRDA:89,4,1,1
BRDA:103,5,0,35
BRDA:103,6,0,35
BRDA:105,7,0,1
BRDA:105,7,1,34
BRDA:122,8,0,68
BRDA:122,8,1,0
BRDA:122,9,0,68
BRDA:122,9,1,68
BRDA:122,9,2,68
BRDA:122,9,3,68
BRDA:125,10,0,34
BRDA:125,10,1,34
BRDA:164,11,0,6
BRDA:164,11,1,6
BRDA:164,12,0,12
BRDA:164,12,1,6
BRDA:171,13,0,5
BRDA:171,13,1,1
BRDA:171,13,2,1
BRDA:176,14,0,1
BRDA:176,14,1,5
BRDA:182,15,0,5
BRDA:182,15,1,7
BRDA:184,16,0,0
BRDA:184,16,1,4
BRDA:184,17,0,4
BRDA:184,17,1,4
BRDA:184,17,2,4
BRDA:188,18,0,4
BRDA:188,18,1,3
BRDA:188,18,2,2
BRDA:188,18,3,1
BRDA:194,19,0,4
BRDA:194,19,1,1
BRDA:199,20,0,1
BRDA:199,20,1,11
BRDA:206,21,0,1
BRDA:206,21,1,10
BRDA:232,22,0,10
BRDA:232,22,1,0
BRDA:252,23,0,0
BRDA:252,23,1,10
BRDA:258,24,0,0
BRDA:258,24,1,10
BRDA:301,25,0,20
BRDA:301,25,1,0
BRDA:303,26,0,0
BRDA:303,26,1,0
BRDA:304,27,0,0
BRDA:304,27,1,0
BRDA:308,28,0,0
BRDA:308,28,1,0
BRDA:308,29,0,0
BRDA:308,29,1,0
BRDA:308,29,2,0
BRDA:316,30,0,20
BRDA:316,30,1,0
BRF:67
BRH:49
end_of_record
